"../../../MyProject1/Content/2DSideScrollerBP/Maps/Enviroment.uasset" 0
"../../../MyProject1/Content/2DSideScrollerBP/Maps/Enviroment.uexp" 1
"../../../MyProject1/Content/2DSideScrollerBP/Maps/Enviroment_TileSet1.uasset" 2
"../../../MyProject1/Content/2DSideScrollerBP/Maps/Enviroment_TileSet1.uexp" 3
"../../../Engine/Content/EngineMaterials/T_Default_Material_Grid_N.uasset" 4
"../../../Engine/Content/EngineMaterials/T_Default_Material_Grid_N.uexp" 5
"../../../Engine/Content/EngineMaterials/T_Default_Material_Grid_N.ubulk" 6
"../../../Engine/Content/EngineMaterials/T_Default_Material_Grid_M.uasset" 7
"../../../Engine/Content/EngineMaterials/T_Default_Material_Grid_M.uexp" 8
"../../../Engine/Content/EngineMaterials/T_Default_Material_Grid_M.ubulk" 9
"../../../Engine/Content/Functions/Engine_MaterialFunctions01/Opacity/CameraDepthFade.uasset" 10
"../../../Engine/Content/Functions/Engine_MaterialFunctions01/Opacity/CameraDepthFade.uexp" 11
"../../../Engine/Content/EngineMaterials/WorldGridMaterial.uasset" 12
"../../../Engine/Content/EngineMaterials/WorldGridMaterial.uexp" 13
"../../../Engine/Content/ArtTools/RenderToTexture/Meshes/S_1_Unit_Plane.uasset" 14
"../../../Engine/Content/ArtTools/RenderToTexture/Meshes/S_1_Unit_Plane.uexp" 15
"../../../Engine/Content/EngineMaterials/DefaultMaterial.uasset" 16
"../../../Engine/Content/EngineMaterials/DefaultMaterial.uexp" 17
"../../../Engine/Content/BasicShapes/Cone.uasset" 18
"../../../Engine/Content/BasicShapes/Cone.uexp" 19
"../../../Engine/Content/BasicShapes/Cube.uasset" 20
"../../../Engine/Content/BasicShapes/Cube.uexp" 21
"../../../Engine/Content/BasicShapes/Plane.uasset" 22
"../../../Engine/Content/BasicShapes/Plane.uexp" 23
"../../../Engine/Content/BasicShapes/Sphere.uasset" 24
"../../../Engine/Content/BasicShapes/Sphere.uexp" 25
"../../../Engine/Content/EditorLandscapeResources/DataLayer.uasset" 26
"../../../Engine/Content/EditorLandscapeResources/DataLayer.uexp" 27
"../../../Engine/Content/EditorLandscapeResources/DefaultAlphaTexture.uasset" 28
"../../../Engine/Content/EditorLandscapeResources/DefaultAlphaTexture.uexp" 29
"../../../Engine/Content/EditorMaterials/MAT_Groups_Toggle.uasset" 30
"../../../Engine/Content/EditorMaterials/MAT_Groups_Toggle.uexp" 31
"../../../Engine/Content/EditorMaterials/MAT_Groups_Visibility.uasset" 32
"../../../Engine/Content/EditorMaterials/MAT_Groups_Visibility.uexp" 33
"../../../Engine/Content/EditorMaterials/PreviewShadowIndicator.uasset" 34
"../../../Engine/Content/EditorMaterials/PreviewShadowIndicator.uexp" 35
"../../../Engine/Content/EditorMaterials/PreviewShadowIndicator.ubulk" 36
"../../../Engine/Content/EditorMaterials/PreviewShadowIndicatorMaterial.uasset" 37
"../../../Engine/Content/EditorMaterials/PreviewShadowIndicatorMaterial.uexp" 38
"../../../Engine/Content/EditorMaterials/MatineeGroups/MAT_ColorTrack.uasset" 39
"../../../Engine/Content/EditorMaterials/MatineeGroups/MAT_ColorTrack.uexp" 40
"../../../Engine/Content/EditorMaterials/MatineeGroups/MAT_Groups_Anim.uasset" 41
"../../../Engine/Content/EditorMaterials/MatineeGroups/MAT_Groups_Anim.uexp" 42
"../../../Engine/Content/EditorMaterials/MatineeGroups/MAT_Groups_AudioMaster.uasset" 43
"../../../Engine/Content/EditorMaterials/MatineeGroups/MAT_Groups_AudioMaster.uexp" 44
"../../../Engine/Content/EditorMaterials/MatineeGroups/MAT_Groups_Director.uasset" 45
"../../../Engine/Content/EditorMaterials/MatineeGroups/MAT_Groups_Director.uexp" 46
"../../../Engine/Content/EditorMaterials/MatineeGroups/MAT_Groups_Event.uasset" 47
"../../../Engine/Content/EditorMaterials/MatineeGroups/MAT_Groups_Event.uexp" 48
"../../../Engine/Content/EditorMaterials/MatineeGroups/MAT_Groups_Fade.uasset" 49
"../../../Engine/Content/EditorMaterials/MatineeGroups/MAT_Groups_Fade.uexp" 50
"../../../Engine/Content/EditorMaterials/MatineeGroups/MAT_Groups_Float.uasset" 51
"../../../Engine/Content/EditorMaterials/MatineeGroups/MAT_Groups_Float.uexp" 52
"../../../Engine/Content/EditorMaterials/MatineeGroups/MAT_Groups_Move.uasset" 53
"../../../Engine/Content/EditorMaterials/MatineeGroups/MAT_Groups_Move.uexp" 54
"../../../Engine/Content/EditorMaterials/MatineeGroups/MAT_Groups_Slomo.uasset" 55
"../../../Engine/Content/EditorMaterials/MatineeGroups/MAT_Groups_Slomo.uexp" 56
"../../../Engine/Content/EditorMaterials/MatineeGroups/MAT_Groups_Sound.uasset" 57
"../../../Engine/Content/EditorMaterials/MatineeGroups/MAT_Groups_Sound.uexp" 58
"../../../Engine/Content/EditorMaterials/MatineeGroups/MAT_Groups_Vector.uasset" 59
"../../../Engine/Content/EditorMaterials/MatineeGroups/MAT_Groups_Vector.uexp" 60
"../../../Engine/Content/EditorMaterials/ParticleSystems/PSysThumbnail_NoImage.uasset" 61
"../../../Engine/Content/EditorMaterials/ParticleSystems/PSysThumbnail_NoImage.uexp" 62
"../../../Engine/Content/EditorMaterials/ParticleSystems/PSysThumbnail_NoImage.ubulk" 63
"../../../Engine/Content/EditorMaterials/ParticleSystems/PSysThumbnail_OOD.uasset" 64
"../../../Engine/Content/EditorMaterials/ParticleSystems/PSysThumbnail_OOD.uexp" 65
"../../../Engine/Content/EditorMaterials/ParticleSystems/PSysThumbnail_OOD.ubulk" 66
"../../../Engine/Content/EditorMaterials/Camera/CineMat.uasset" 67
"../../../Engine/Content/EditorMaterials/Camera/CineMat.uexp" 68
"../../../Engine/Content/EditorMaterials/Camera/MI_CineMat_Rig.uasset" 69
"../../../Engine/Content/EditorMaterials/Camera/MI_CineMat_Rig.uexp" 70
"../../../Engine/Content/EditorMeshes/Camera/SM_CraneRig_Arm.uasset" 71
"../../../Engine/Content/EditorMeshes/Camera/SM_CraneRig_Arm.uexp" 72
"../../../Engine/Content/EditorMeshes/Camera/SM_CraneRig_Base.uasset" 73
"../../../Engine/Content/EditorMeshes/Camera/SM_CraneRig_Base.uexp" 74
"../../../Engine/Content/EditorMeshes/Camera/SM_CraneRig_Body.uasset" 75
"../../../Engine/Content/EditorMeshes/Camera/SM_CraneRig_Body.uexp" 76
"../../../Engine/Content/EditorMeshes/Camera/SM_CraneRig_Mount.uasset" 77
"../../../Engine/Content/EditorMeshes/Camera/SM_CraneRig_Mount.uexp" 78
"../../../Engine/Content/EditorMeshes/Camera/SM_RailRig_Mount.uasset" 79
"../../../Engine/Content/EditorMeshes/Camera/SM_RailRig_Mount.uexp" 80
"../../../Engine/Content/EditorMeshes/Camera/SM_RailRig_Track.uasset" 81
"../../../Engine/Content/EditorMeshes/Camera/SM_RailRig_Track.uexp" 82
"../../../Engine/Content/EditorResources/BSPVertex.uasset" 83
"../../../Engine/Content/EditorResources/BSPVertex.uexp" 84
"../../../Engine/Content/EditorResources/EmptyActor.uasset" 85
"../../../Engine/Content/EditorResources/EmptyActor.uexp" 86
"../../../Engine/Content/EditorResources/S_Actor.uasset" 87
"../../../Engine/Content/EditorResources/S_Actor.uexp" 88
"../../../Engine/Content/EditorResources/S_Actor.ubulk" 89
"../../../Engine/Content/EditorResources/S_Note.uasset" 90
"../../../Engine/Content/EditorResources/S_Note.uexp" 91
"../../../Engine/Content/EditorResources/S_Note.ubulk" 92
"../../../Engine/Content/EditorResources/S_Solver.uasset" 93
"../../../Engine/Content/EditorResources/S_Solver.uexp" 94
"../../../Engine/Content/EditorResources/S_Solver.ubulk" 95
"../../../Engine/Content/EditorResources/S_Terrain.uasset" 96
"../../../Engine/Content/EditorResources/S_Terrain.uexp" 97
"../../../Engine/Content/EditorResources/S_Terrain.ubulk" 98
"../../../Engine/Content/EditorResources/S_Trigger.uasset" 99
"../../../Engine/Content/EditorResources/S_Trigger.uexp" 100
"../../../Engine/Content/EditorResources/S_Trigger.ubulk" 101
"../../../Engine/Content/EditorResources/SequenceRecorder/Countdown.uasset" 102
"../../../Engine/Content/EditorResources/SequenceRecorder/Countdown.uexp" 103
"../../../Engine/Content/EditorResources/SequenceRecorder/RecordingIndicator.uasset" 104
"../../../Engine/Content/EditorResources/SequenceRecorder/RecordingIndicator.uexp" 105
"../../../Engine/Content/EngineDamageTypes/DmgTypeBP_Environmental.uasset" 106
"../../../Engine/Content/EngineDamageTypes/DmgTypeBP_Environmental.uexp" 107
"../../../Engine/Content/EngineDebugMaterials/DebugEditorMaterial.uasset" 108
"../../../Engine/Content/EngineDebugMaterials/DebugEditorMaterial.uexp" 109
"../../../Engine/Content/EngineDebugMaterials/DebugMeshMaterial.uasset" 110
"../../../Engine/Content/EngineDebugMaterials/DebugMeshMaterial.uexp" 111
"../../../Engine/Content/EngineDebugMaterials/M_SimpleUnlitTranslucent.uasset" 112
"../../../Engine/Content/EngineDebugMaterials/M_SimpleUnlitTranslucent.uexp" 113
"../../../Engine/Content/EngineDebugMaterials/VolumeToRender.uasset" 114
"../../../Engine/Content/EngineDebugMaterials/VolumeToRender.uexp" 115
"../../../Engine/Content/Functions/Engine_MaterialFunctions02/Utility/CameraDirectionVector.uasset" 116
"../../../Engine/Content/Functions/Engine_MaterialFunctions02/Utility/CameraDirectionVector.uexp" 117
"../../../Engine/Content/EngineDebugMaterials/M_VolumeRenderSphereTracePP.uasset" 118
"../../../Engine/Content/EngineDebugMaterials/M_VolumeRenderSphereTracePP.uexp" 119
"../../../Engine/Content/Functions/Engine_MaterialFunctions01/Shading/ConvertFromDiffSpec.uasset" 120
"../../../Engine/Content/Functions/Engine_MaterialFunctions01/Shading/ConvertFromDiffSpec.uexp" 121
"../../../Engine/Content/EngineDebugMaterials/VertexColorMaterial.uasset" 122
"../../../Engine/Content/EngineDebugMaterials/VertexColorMaterial.uexp" 123
"../../../Engine/Content/EngineDebugMaterials/WireframeMaterial.uasset" 124
"../../../Engine/Content/EngineDebugMaterials/WireframeMaterial.uexp" 125
"../../../Engine/Content/EngineFonts/Faces/RobotoRegular.uasset" 126
"../../../Engine/Content/EngineFonts/Faces/RobotoRegular.uexp" 127
"../../../Engine/Content/EngineFonts/Faces/RobotoRegular.ufont" 128
"../../../Engine/Content/EngineFonts/Faces/RobotoLight.uasset" 129
"../../../Engine/Content/EngineFonts/Faces/RobotoLight.uexp" 130
"../../../Engine/Content/EngineFonts/Faces/RobotoLight.ufont" 131
"../../../Engine/Content/EngineFonts/Faces/RobotoItalic.uasset" 132
"../../../Engine/Content/EngineFonts/Faces/RobotoItalic.uexp" 133
"../../../Engine/Content/EngineFonts/Faces/RobotoItalic.ufont" 134
"../../../Engine/Content/EngineFonts/Faces/RobotoBoldItalic.uasset" 135
"../../../Engine/Content/EngineFonts/Faces/RobotoBoldItalic.uexp" 136
"../../../Engine/Content/EngineFonts/Faces/RobotoBoldItalic.ufont" 137
"../../../Engine/Content/EngineFonts/Faces/RobotoBold.uasset" 138
"../../../Engine/Content/EngineFonts/Faces/RobotoBold.uexp" 139
"../../../Engine/Content/EngineFonts/Faces/RobotoBold.ufont" 140
"../../../Engine/Content/EngineFonts/Faces/DroidSansFallback.uasset" 141
"../../../Engine/Content/EngineFonts/Faces/DroidSansFallback.uexp" 142
"../../../Engine/Content/EngineFonts/Faces/DroidSansFallback.ufont" 143
"../../../Engine/Content/EngineFonts/Roboto.uasset" 144
"../../../Engine/Content/EngineFonts/Roboto.uexp" 145
"../../../Engine/Content/EngineMaterials/BaseFlattenNormalMap.uasset" 146
"../../../Engine/Content/EngineMaterials/BaseFlattenNormalMap.uexp" 147
"../../../Engine/Content/EngineMaterials/BaseFlattenGrayscaleMap.uasset" 148
"../../../Engine/Content/EngineMaterials/BaseFlattenGrayscaleMap.uexp" 149
"../../../Engine/Content/EngineMaterials/BaseFlattenEmissiveMap.uasset" 150
"../../../Engine/Content/EngineMaterials/BaseFlattenEmissiveMap.uexp" 151
"../../../Engine/Content/EngineMaterials/BaseFlattenDiffuseMap.uasset" 152
"../../../Engine/Content/EngineMaterials/BaseFlattenDiffuseMap.uexp" 153
"../../../Engine/Content/EngineMaterials/BaseFlattenMaterial.uasset" 154
"../../../Engine/Content/EngineMaterials/BaseFlattenMaterial.uexp" 155
"../../../Engine/Content/EngineMaterials/BlueNoise.uasset" 156
"../../../Engine/Content/EngineMaterials/BlueNoise.uexp" 157
"../../../Engine/Content/EngineMaterials/DefaultBloomKernel.uasset" 158
"../../../Engine/Content/EngineMaterials/DefaultBloomKernel.uexp" 159
"../../../Engine/Content/EngineMaterials/DefaultBokeh.uasset" 160
"../../../Engine/Content/EngineMaterials/DefaultBokeh.uexp" 161
"../../../Engine/Content/EngineMaterials/DefaultDiffuse.uasset" 162
"../../../Engine/Content/EngineMaterials/DefaultDiffuse.uexp" 163
"../../../Engine/Content/EngineMaterials/DefaultDiffuse.ubulk" 164
"../../../Engine/Content/EngineMaterials/DefaultDeferredDecalMaterial.uasset" 165
"../../../Engine/Content/EngineMaterials/DefaultDeferredDecalMaterial.uexp" 166
"../../../Engine/Content/EngineMaterials/DefaultLightFunctionMaterial.uasset" 167
"../../../Engine/Content/EngineMaterials/DefaultLightFunctionMaterial.uexp" 168
"../../../Engine/Content/EngineMaterials/DefaultPhysicalMaterial.uasset" 169
"../../../Engine/Content/EngineMaterials/DefaultPhysicalMaterial.uexp" 170
"../../../Engine/Content/Functions/Engine_MaterialFunctions02/Utility/BreakOutFloat2Components.uasset" 171
"../../../Engine/Content/Functions/Engine_MaterialFunctions02/Utility/BreakOutFloat2Components.uexp" 172
"../../../Engine/Content/EngineMaterials/DefaultPostProcessMaterial.uasset" 173
"../../../Engine/Content/EngineMaterials/DefaultPostProcessMaterial.uexp" 174
"../../../Engine/Content/EngineFonts/RobotoDistanceField.uasset" 175
"../../../Engine/Content/EngineFonts/RobotoDistanceField.uexp" 176
"../../../Engine/Content/EngineMaterials/DefaultTextMaterialOpaque.uasset" 177
"../../../Engine/Content/EngineMaterials/DefaultTextMaterialOpaque.uexp" 178
"../../../Engine/Content/EngineMaterials/DefaultWhiteGrid.uasset" 179
"../../../Engine/Content/EngineMaterials/DefaultWhiteGrid.uexp" 180
"../../../Engine/Content/EngineMaterials/DefaultWhiteGrid.ubulk" 181
"../../../Engine/Content/EngineMaterials/DefaultWhiteGrid_Low.uasset" 182
"../../../Engine/Content/EngineMaterials/DefaultWhiteGrid_Low.uexp" 183
"../../../Engine/Content/EngineMaterials/EmissiveMeshMaterial.uasset" 184
"../../../Engine/Content/EngineMaterials/EmissiveMeshMaterial.uexp" 185
"../../../Engine/Content/EngineMaterials/GizmoMaterial.uasset" 186
"../../../Engine/Content/EngineMaterials/GizmoMaterial.uexp" 187
"../../../Engine/Content/EngineMaterials/Good64x64TilingNoiseHighFreq.uasset" 188
"../../../Engine/Content/EngineMaterials/Good64x64TilingNoiseHighFreq.uexp" 189
"../../../Engine/Content/EngineMaterials/MiniFont.uasset" 190
"../../../Engine/Content/EngineMaterials/MiniFont.uexp" 191
"../../../Engine/Content/EngineMaterials/InvalidLightmapSettings.uasset" 192
"../../../Engine/Content/EngineMaterials/InvalidLightmapSettings.uexp" 193
"../../../Engine/Content/EngineMaterials/InvalidLightmapSettings.ubulk" 194
"../../../Engine/Content/EngineMaterials/M_InvalidLightmapSettings.uasset" 195
"../../../Engine/Content/EngineMaterials/M_InvalidLightmapSettings.uexp" 196
"../../../Engine/Content/Functions/Engine_MaterialFunctions02/WorldPositionOffset/CameraOffset.uasset" 197
"../../../Engine/Content/Functions/Engine_MaterialFunctions02/WorldPositionOffset/CameraOffset.uexp" 198
"../../../Engine/Content/EngineMaterials/PhAT_JointLimitMaterial.uasset" 199
"../../../Engine/Content/EngineMaterials/PhAT_JointLimitMaterial.uexp" 200
"../../../Engine/Content/EngineMaterials/DefaultCalibrationColor.uasset" 201
"../../../Engine/Content/EngineMaterials/DefaultCalibrationColor.uexp" 202
"../../../Engine/Content/EngineMaterials/PPM_DefaultCalibrationColor.uasset" 203
"../../../Engine/Content/EngineMaterials/PPM_DefaultCalibrationColor.uexp" 204
"../../../Engine/Content/EngineMaterials/DefaultCalibrationGrayscale.uasset" 205
"../../../Engine/Content/EngineMaterials/DefaultCalibrationGrayscale.uexp" 206
"../../../Engine/Content/EngineMaterials/PPM_DefaultCalibrationGrayscale.uasset" 207
"../../../Engine/Content/EngineMaterials/PPM_DefaultCalibrationGrayscale.uexp" 208
"../../../Engine/Content/EngineMaterials/PreintegratedSkinBRDF.uasset" 209
"../../../Engine/Content/EngineMaterials/PreintegratedSkinBRDF.uexp" 210
"../../../Engine/Content/EngineMaterials/RemoveSurfaceMaterial.uasset" 211
"../../../Engine/Content/EngineMaterials/RemoveSurfaceMaterial.uexp" 212
"../../../Engine/Content/EngineMaterials/WeightMapPlaceholderTexture.uasset" 213
"../../../Engine/Content/EngineMaterials/WeightMapPlaceholderTexture.uexp" 214
"../../../Engine/Content/EngineResources/WhiteSquareTexture.uasset" 215
"../../../Engine/Content/EngineResources/WhiteSquareTexture.uexp" 216
"../../../Engine/Content/EngineMaterials/Widget3DPassThrough.uasset" 217
"../../../Engine/Content/EngineMaterials/Widget3DPassThrough.uexp" 218
"../../../Engine/Content/EngineMaterials/Widget3DPassThrough_Masked.uasset" 219
"../../../Engine/Content/EngineMaterials/Widget3DPassThrough_Masked.uexp" 220
"../../../Engine/Content/EngineMaterials/Widget3DPassThrough_Opaque.uasset" 221
"../../../Engine/Content/EngineMaterials/Widget3DPassThrough_Opaque.uexp" 222
"../../../Engine/Content/EngineMaterials/Widget3DPassThrough_Masked_OneSided.uasset" 223
"../../../Engine/Content/EngineMaterials/Widget3DPassThrough_Masked_OneSided.uexp" 224
"../../../Engine/Content/EngineMaterials/Widget3DPassThrough_Opaque_OneSided.uasset" 225
"../../../Engine/Content/EngineMaterials/Widget3DPassThrough_Opaque_OneSided.uexp" 226
"../../../Engine/Content/EngineMaterials/Widget3DPassThrough_Translucent.uasset" 227
"../../../Engine/Content/EngineMaterials/Widget3DPassThrough_Translucent.uexp" 228
"../../../Engine/Content/EngineMaterials/Widget3DPassThrough_Translucent_OneSided.uasset" 229
"../../../Engine/Content/EngineMaterials/Widget3DPassThrough_Translucent_OneSided.uexp" 230
"../../../Engine/Content/EngineMeshes/Cylinder.uasset" 231
"../../../Engine/Content/EngineMeshes/Cylinder.uexp" 232
"../../../Engine/Content/EngineMeshes/Sphere.uasset" 233
"../../../Engine/Content/EngineMeshes/Sphere.uexp" 234
"../../../Engine/Content/EngineResources/DefaultTexture.uasset" 235
"../../../Engine/Content/EngineResources/DefaultTexture.uexp" 236
"../../../Engine/Content/EngineResources/DefaultTexture.ubulk" 237
"../../../Engine/Content/EngineResources/DefaultTextureCube.uasset" 238
"../../../Engine/Content/EngineResources/DefaultTextureCube.uexp" 239
"../../../Engine/Content/EngineResources/DefaultVolumeTexture2D.uasset" 240
"../../../Engine/Content/EngineResources/DefaultVolumeTexture2D.uexp" 241
"../../../Engine/Content/EngineResources/DefaultVolumeTexture.uasset" 242
"../../../Engine/Content/EngineResources/DefaultVolumeTexture.uexp" 243
"../../../Engine/Content/EngineResources/GradientTexture0.uasset" 244
"../../../Engine/Content/EngineResources/GradientTexture0.uexp" 245
"../../../Engine/Content/EngineSky/VolumetricClouds/T_NoiseShape64.uasset" 246
"../../../Engine/Content/EngineSky/VolumetricClouds/T_NoiseShape64.uexp" 247
"../../../Engine/Content/EngineSky/VolumetricClouds/T_NoiseShape64.ubulk" 248
"../../../Engine/Content/EngineSky/VolumetricClouds/T_VolumeNoiseShape64.uasset" 249
"../../../Engine/Content/EngineSky/VolumetricClouds/T_VolumeNoiseShape64.uexp" 250
"../../../Engine/Content/EngineSky/VolumetricClouds/T_NoiseErosion.uasset" 251
"../../../Engine/Content/EngineSky/VolumetricClouds/T_NoiseErosion.uexp" 252
"../../../Engine/Content/EngineSky/VolumetricClouds/T_NoiseErosion.ubulk" 253
"../../../Engine/Content/EngineSky/VolumetricClouds/T_VolumeNoiseErosion32.uasset" 254
"../../../Engine/Content/EngineSky/VolumetricClouds/T_VolumeNoiseErosion32.uexp" 255
"../../../Engine/Content/EngineSky/VolumetricClouds/CloudWeatherTexture.uasset" 256
"../../../Engine/Content/EngineSky/VolumetricClouds/CloudWeatherTexture.uexp" 257
"../../../Engine/Content/EngineSky/VolumetricClouds/CloudGradientTexture.uasset" 258
"../../../Engine/Content/EngineSky/VolumetricClouds/CloudGradientTexture.uexp" 259
"../../../Engine/Content/Functions/Engine_MaterialFunctions02/Utility/MakeFloat2.uasset" 260
"../../../Engine/Content/Functions/Engine_MaterialFunctions02/Utility/MakeFloat2.uexp" 261
"../../../Engine/Content/EngineSky/VolumetricClouds/m_SimpleVolumetricCloud.uasset" 262
"../../../Engine/Content/EngineSky/VolumetricClouds/m_SimpleVolumetricCloud.uexp" 263
"../../../Engine/Content/EngineSky/VolumetricClouds/m_SimpleVolumetricCloud_Inst.uasset" 264
"../../../Engine/Content/EngineSky/VolumetricClouds/m_SimpleVolumetricCloud_Inst.uexp" 265
"../../../Engine/Content/EngineSounds/Master.uasset" 266
"../../../Engine/Content/EngineSounds/Master.uexp" 267
"../../../Engine/Content/Functions/Engine_MaterialFunctions01/Shading/PowerToRoughness.uasset" 268
"../../../Engine/Content/Functions/Engine_MaterialFunctions01/Shading/PowerToRoughness.uexp" 269
"../../../Engine/Content/Maps/Templates/Thumbnails/Default.uasset" 270
"../../../Engine/Content/Maps/Templates/Thumbnails/Default.uexp" 271
"../../../Engine/Content/Maps/Templates/Thumbnails/TimeOfDay.uasset" 272
"../../../Engine/Content/Maps/Templates/Thumbnails/TimeOfDay.uexp" 273
"../../../Engine/Content/Maps/Templates/Thumbnails/VR-Basic.uasset" 274
"../../../Engine/Content/Maps/Templates/Thumbnails/VR-Basic.uexp" 275
"../../../Engine/Content/MobileResources/T_MobileControls_texture.uasset" 276
"../../../Engine/Content/MobileResources/T_MobileControls_texture.uexp" 277
"../../../Engine/Content/MobileResources/T_MobileMenu2.uasset" 278
"../../../Engine/Content/MobileResources/T_MobileMenu2.uexp" 279
"../../../Engine/Content/MobileResources/HUD/AnalogHat.uasset" 280
"../../../Engine/Content/MobileResources/HUD/AnalogHat.uexp" 281
"../../../Engine/Content/MobileResources/HUD/VirtualJoystick_Thumb.uasset" 282
"../../../Engine/Content/MobileResources/HUD/VirtualJoystick_Thumb.uexp" 283
"../../../Engine/Content/MobileResources/HUD/VirtualJoystick_Background.uasset" 284
"../../../Engine/Content/MobileResources/HUD/VirtualJoystick_Background.uexp" 285
"../../../Engine/Content/MobileResources/HUD/DefaultVirtualJoysticks.uasset" 286
"../../../Engine/Content/MobileResources/HUD/DefaultVirtualJoysticks.uexp" 287
"../../../Engine/Content/MobileResources/HUD/LeftVirtualJoystickOnly.uasset" 288
"../../../Engine/Content/MobileResources/HUD/LeftVirtualJoystickOnly.uexp" 289
"../../../Engine/Content/MobileResources/HUD/MobileHUDButton1_off.uasset" 290
"../../../Engine/Content/MobileResources/HUD/MobileHUDButton1_off.uexp" 291
"../../../Engine/Content/MobileResources/HUD/MobileHUDButton1_on.uasset" 292
"../../../Engine/Content/MobileResources/HUD/MobileHUDButton1_on.uexp" 293
"../../../Engine/Content/MobileResources/HUD/MobileHUDButton2_off.uasset" 294
"../../../Engine/Content/MobileResources/HUD/MobileHUDButton2_off.uexp" 295
"../../../Engine/Content/MobileResources/HUD/MobileHUDButton2_on.uasset" 296
"../../../Engine/Content/MobileResources/HUD/MobileHUDButton2_on.uexp" 297
"../../../Engine/Content/MobileResources/HUD/MobileHUDButton3.uasset" 298
"../../../Engine/Content/MobileResources/HUD/MobileHUDButton3.uexp" 299
"../../../Engine/Content/MobileResources/HUD/MobileHUDButtonFire.uasset" 300
"../../../Engine/Content/MobileResources/HUD/MobileHUDButtonFire.uexp" 301
"../../../Engine/Content/MobileResources/HUD/MobileHUDDirectionPad.uasset" 302
"../../../Engine/Content/MobileResources/HUD/MobileHUDDirectionPad.uexp" 303
"../../../Engine/Content/MobileResources/HUD/MobileHUDDirectionPad2.uasset" 304
"../../../Engine/Content/MobileResources/HUD/MobileHUDDirectionPad2.uexp" 305
"../../../Engine/Content/MobileResources/HUD/MobileHUDDirectionPad3.uasset" 306
"../../../Engine/Content/MobileResources/HUD/MobileHUDDirectionPad3.uexp" 307
"../../../Engine/Content/MobileResources/HUD/MobileHUDDirectionStick.uasset" 308
"../../../Engine/Content/MobileResources/HUD/MobileHUDDirectionStick.uexp" 309
"../../../Engine/Content/MobileResources/HUD/T_Castle_ThumbstickInner.uasset" 310
"../../../Engine/Content/MobileResources/HUD/T_Castle_ThumbstickInner.uexp" 311
"../../../Engine/Content/MobileResources/HUD/T_Castle_ThumbstickOutter.uasset" 312
"../../../Engine/Content/MobileResources/HUD/T_Castle_ThumbstickOutter.uexp" 313
"../../../Engine/Content/Tutorial/ContentIntroCurve.uasset" 314
"../../../Engine/Content/Tutorial/ContentIntroCurve.uexp" 315
"../../../Engine/Content/Tutorial/Basics/TutorialAssets/icon_tab_Levels_40x.uasset" 316
"../../../Engine/Content/Tutorial/Basics/TutorialAssets/icon_tab_Levels_40x.uexp" 317
"../../../Engine/Content/Tutorial/BlueprintTutorials/TutorialAssets/Blueprint_64x.uasset" 318
"../../../Engine/Content/Tutorial/BlueprintTutorials/TutorialAssets/Blueprint_64x.uexp" 319
"../../../Engine/Content/Tutorial/Landscape/TutorialAssets/Landscape.uasset" 320
"../../../Engine/Content/Tutorial/Landscape/TutorialAssets/Landscape.uexp" 321
"../../../Engine/Content/EditorBlueprintResources/StandardMacros.uasset" 322
"../../../Engine/Content/EditorBlueprintResources/StandardMacros.uexp" 323
"../../../Engine/Content/Tutorial/SubEditors/TutorialAssets/TutorialMaterial.uasset" 324
"../../../Engine/Content/Tutorial/SubEditors/TutorialAssets/TutorialMaterial.uexp" 325
"../../../Engine/Content/VREditor/TransformGizmo/TranslucentTransformGizmoMaterial.uasset" 326
"../../../Engine/Content/VREditor/TransformGizmo/TranslucentTransformGizmoMaterial.uexp" 327
"../../../Engine/Content/VREditor/LaserPointer/VR_LaserPower_01.uasset" 328
"../../../Engine/Content/VREditor/LaserPointer/VR_LaserPower_01.uexp" 329
"../../../Engine/Content/VREditor/LaserPointer/VR_LaserPower_01.ubulk" 330
"../../../Engine/Content/VREditor/TransformGizmo/TransformGizmoMaterial.uasset" 331
"../../../Engine/Content/VREditor/TransformGizmo/TransformGizmoMaterial.uexp" 332
"../../../Engine/Content/VREditor/TransformGizmo/BoundingBoxCorner.uasset" 333
"../../../Engine/Content/VREditor/TransformGizmo/BoundingBoxCorner.uexp" 334
"../../../Engine/Content/VREditor/TransformGizmo/BoundingBoxEdge.uasset" 335
"../../../Engine/Content/VREditor/TransformGizmo/BoundingBoxEdge.uexp" 336
"../../../Engine/Content/VREditor/TransformGizmo/PlaneTranslationHandle.uasset" 337
"../../../Engine/Content/VREditor/TransformGizmo/PlaneTranslationHandle.uexp" 338
"../../../Engine/Content/VREditor/TransformGizmo/Xray.uasset" 339
"../../../Engine/Content/VREditor/TransformGizmo/Xray.uexp" 340
"../../../Engine/Content/VREditor/TransformGizmo/Main.uasset" 341
"../../../Engine/Content/VREditor/TransformGizmo/Main.uexp" 342
"../../../Engine/Content/VREditor/TransformGizmo/SM_Sequencer_Key.uasset" 343
"../../../Engine/Content/VREditor/TransformGizmo/SM_Sequencer_Key.uexp" 344
"../../../Engine/Content/VREditor/TransformGizmo/SM_Sequencer_Node.uasset" 345
"../../../Engine/Content/VREditor/TransformGizmo/SM_Sequencer_Node.uexp" 346
"../../../Engine/Plugins/2D/Paper2D/Content/PlaceholderTextures/DummySpriteTexture.uasset" 347
"../../../Engine/Plugins/2D/Paper2D/Content/PlaceholderTextures/DummySpriteTexture.uexp" 348
"../../../Engine/Plugins/2D/Paper2D/Content/PlaceholderTextures/DummySpriteTexture.ubulk" 349
"../../../Engine/Plugins/2D/Paper2D/Content/DummySprite.uasset" 350
"../../../Engine/Plugins/2D/Paper2D/Content/DummySprite.uexp" 351
"../../../Engine/Plugins/2D/Paper2D/Content/DefaultPaperTerrainMaterial.uasset" 352
"../../../Engine/Plugins/2D/Paper2D/Content/DefaultPaperTerrainMaterial.uexp" 353
"../../../Engine/Plugins/2D/Paper2D/Content/DefaultSpriteMaterial.uasset" 354
"../../../Engine/Plugins/2D/Paper2D/Content/DefaultSpriteMaterial.uexp" 355
"../../../Engine/Plugins/2D/Paper2D/Content/MaskedUnlitSpriteMaterial.uasset" 356
"../../../Engine/Plugins/2D/Paper2D/Content/MaskedUnlitSpriteMaterial.uexp" 357
"../../../Engine/Plugins/2D/Paper2D/Content/OpaqueUnlitSpriteMaterial.uasset" 358
"../../../Engine/Plugins/2D/Paper2D/Content/OpaqueUnlitSpriteMaterial.uexp" 359
"../../../Engine/Content/Functions/Engine_MaterialFunctions02/Utility/BreakOutFloat3Components.uasset" 360
"../../../Engine/Content/Functions/Engine_MaterialFunctions02/Utility/BreakOutFloat3Components.uexp" 361
"../../../Engine/Plugins/Editor/SpeedTreeImporter/Content/SpeedTree9/UnpackInteger3.uasset" 362
"../../../Engine/Plugins/Editor/SpeedTreeImporter/Content/SpeedTree9/UnpackInteger3.uexp" 363
"../../../Engine/Plugins/Editor/SpeedTreeImporter/Content/SpeedTree9/UnpackDirection.uasset" 364
"../../../Engine/Plugins/Editor/SpeedTreeImporter/Content/SpeedTree9/UnpackDirection.uexp" 365
"../../../Engine/Plugins/Editor/SpeedTreeImporter/Content/SpeedTree9/game_wind_noise.uasset" 366
"../../../Engine/Plugins/Editor/SpeedTreeImporter/Content/SpeedTree9/game_wind_noise.uexp" 367
"../../../Engine/Plugins/Editor/SpeedTreeImporter/Content/SpeedTree9/game_wind_noise.ubulk" 368
"../../../Engine/Content/Functions/Engine_MaterialFunctions02/SafeNormalize.uasset" 369
"../../../Engine/Content/Functions/Engine_MaterialFunctions02/SafeNormalize.uexp" 370
"../../../Engine/Plugins/Editor/SpeedTreeImporter/Content/SpeedTree9/SpeedTreeWindMotion.uasset" 371
"../../../Engine/Plugins/Editor/SpeedTreeImporter/Content/SpeedTree9/SpeedTreeWindMotion.uexp" 372
"../../../Engine/Plugins/Editor/SpeedTreeImporter/Content/SpeedTree9/SpeedTreeBranchMotion.uasset" 373
"../../../Engine/Plugins/Editor/SpeedTreeImporter/Content/SpeedTree9/SpeedTreeBranchMotion.uexp" 374
"../../../Engine/Content/Functions/Engine_MaterialFunctions02/ObjectLocalBounds.uasset" 375
"../../../Engine/Content/Functions/Engine_MaterialFunctions02/ObjectLocalBounds.uexp" 376
"../../../Engine/Content/Functions/Engine_MaterialFunctions02/UVs/BoundingBoxBased_0-1_UVW.uasset" 377
"../../../Engine/Content/Functions/Engine_MaterialFunctions02/UVs/BoundingBoxBased_0-1_UVW.uexp" 378
"../../../Engine/Content/Functions/Engine_MaterialFunctions02/Utility/VectorLength.uasset" 379
"../../../Engine/Content/Functions/Engine_MaterialFunctions02/Utility/VectorLength.uexp" 380
"../../../Engine/Content/Functions/Engine_MaterialFunctions02/WorldPositionOffset/ObjectScale.uasset" 381
"../../../Engine/Content/Functions/Engine_MaterialFunctions02/WorldPositionOffset/ObjectScale.uexp" 382
"../../../Engine/Plugins/Editor/SpeedTreeImporter/Content/SpeedTree9/SpeedTreeWind.uasset" 383
"../../../Engine/Plugins/Editor/SpeedTreeImporter/Content/SpeedTree9/SpeedTreeWind.uexp" 384
"../../../Engine/Plugins/Editor/SpeedTreeImporter/Content/SpeedTree9/SpeedTreeBillboard.uasset" 385
"../../../Engine/Plugins/Editor/SpeedTreeImporter/Content/SpeedTree9/SpeedTreeBillboard.uexp" 386
"../../../Engine/Plugins/Editor/SpeedTreeImporter/Content/SpeedTree9/EmptyNormal.uasset" 387
"../../../Engine/Plugins/Editor/SpeedTreeImporter/Content/SpeedTree9/EmptyNormal.uexp" 388
"../../../Engine/Plugins/Editor/SpeedTreeImporter/Content/SpeedTree9/Empty.uasset" 389
"../../../Engine/Plugins/Editor/SpeedTreeImporter/Content/SpeedTree9/Empty.uexp" 390
"../../../Engine/Plugins/Editor/SpeedTreeImporter/Content/SpeedTree9/SpeedTreeBillboardMaster.uasset" 391
"../../../Engine/Plugins/Editor/SpeedTreeImporter/Content/SpeedTree9/SpeedTreeBillboardMaster.uexp" 392
"../../../Engine/Plugins/Editor/SpeedTreeImporter/Content/SpeedTree9/SpeedTreeCameraFacing.uasset" 393
"../../../Engine/Plugins/Editor/SpeedTreeImporter/Content/SpeedTree9/SpeedTreeCameraFacing.uexp" 394
"../../../Engine/Plugins/Editor/SpeedTreeImporter/Content/SpeedTree9/SpeedTreeMaster.uasset" 395
"../../../Engine/Plugins/Editor/SpeedTreeImporter/Content/SpeedTree9/SpeedTreeMaster.uexp" 396
"../../../Engine/Content/BasicShapes/Cylinder.uasset" 397
"../../../Engine/Content/BasicShapes/Cylinder.uexp" 398
"../../../Engine/Content/ArtTools/RenderToTexture/Materials/Debug/M_Emissive_Color.uasset" 399
"../../../Engine/Content/ArtTools/RenderToTexture/Materials/Debug/M_Emissive_Color.uexp" 400
"../../../Engine/Plugins/Lumin/MagicLeapPassableWorld/Content/MagicLeapARPinInfoActor.uasset" 401
"../../../Engine/Plugins/Lumin/MagicLeapPassableWorld/Content/MagicLeapARPinInfoActor.uexp" 402
"../../../Engine/Plugins/Runtime/OpenXR/Content/Devices/GoogleDaydream/MRTexture.uasset" 403
"../../../Engine/Plugins/Runtime/OpenXR/Content/Devices/GoogleDaydream/MRTexture.uexp" 404
"../../../Engine/Plugins/Runtime/OpenXR/Content/Devices/GoogleDaydream/MRTexture.ubulk" 405
"../../../Engine/Plugins/Runtime/OpenXR/Content/Devices/GoogleDaydream/BaseTexture.uasset" 406
"../../../Engine/Plugins/Runtime/OpenXR/Content/Devices/GoogleDaydream/BaseTexture.uexp" 407
"../../../Engine/Plugins/Runtime/OpenXR/Content/Devices/GoogleDaydream/BaseTexture.ubulk" 408
"../../../Engine/Content/EngineResources/Black.uasset" 409
"../../../Engine/Content/EngineResources/Black.uexp" 410
"../../../Engine/Plugins/Runtime/OpenXR/Content/Devices/M_XRController.uasset" 411
"../../../Engine/Plugins/Runtime/OpenXR/Content/Devices/M_XRController.uexp" 412
"../../../Engine/Plugins/Runtime/OpenXR/Content/Devices/GoogleDaydream/MI_GoogleDaydream.uasset" 413
"../../../Engine/Plugins/Runtime/OpenXR/Content/Devices/GoogleDaydream/MI_GoogleDaydream.uexp" 414
"../../../Engine/Plugins/Runtime/OpenXR/Content/Devices/GoogleDaydream/GoogleDaydreamController.uasset" 415
"../../../Engine/Plugins/Runtime/OpenXR/Content/Devices/GoogleDaydream/GoogleDaydreamController.uexp" 416
"../../../Engine/Plugins/Runtime/OpenXR/Content/Devices/HTCVive/BaseTexture.uasset" 417
"../../../Engine/Plugins/Runtime/OpenXR/Content/Devices/HTCVive/BaseTexture.uexp" 418
"../../../Engine/Plugins/Runtime/OpenXR/Content/Devices/HTCVive/BaseTexture.ubulk" 419
"../../../Engine/Plugins/Runtime/OpenXR/Content/Devices/HTCVive/MI_HTCVive.uasset" 420
"../../../Engine/Plugins/Runtime/OpenXR/Content/Devices/HTCVive/MI_HTCVive.uexp" 421
"../../../Engine/Plugins/Runtime/OpenXR/Content/Devices/HTCVive/HTCViveController.uasset" 422
"../../../Engine/Plugins/Runtime/OpenXR/Content/Devices/HTCVive/HTCViveController.uexp" 423
"../../../Engine/Plugins/Runtime/OpenXR/Content/Devices/MicrosoftMixedReality/NormalTexture.uasset" 424
"../../../Engine/Plugins/Runtime/OpenXR/Content/Devices/MicrosoftMixedReality/NormalTexture.uexp" 425
"../../../Engine/Plugins/Runtime/OpenXR/Content/Devices/MicrosoftMixedReality/NormalTexture.ubulk" 426
"../../../Engine/Plugins/Runtime/OpenXR/Content/Devices/MicrosoftMixedReality/MRTexture.uasset" 427
"../../../Engine/Plugins/Runtime/OpenXR/Content/Devices/MicrosoftMixedReality/MRTexture.uexp" 428
"../../../Engine/Plugins/Runtime/OpenXR/Content/Devices/MicrosoftMixedReality/MRTexture.ubulk" 429
"../../../Engine/Plugins/Runtime/OpenXR/Content/Devices/MicrosoftMixedReality/EmissiveTexture.uasset" 430
"../../../Engine/Plugins/Runtime/OpenXR/Content/Devices/MicrosoftMixedReality/EmissiveTexture.uexp" 431
"../../../Engine/Plugins/Runtime/OpenXR/Content/Devices/MicrosoftMixedReality/EmissiveTexture.ubulk" 432
"../../../Engine/Plugins/Runtime/OpenXR/Content/Devices/MicrosoftMixedReality/BaseTexture.uasset" 433
"../../../Engine/Plugins/Runtime/OpenXR/Content/Devices/MicrosoftMixedReality/BaseTexture.uexp" 434
"../../../Engine/Plugins/Runtime/OpenXR/Content/Devices/MicrosoftMixedReality/BaseTexture.ubulk" 435
"../../../Engine/Plugins/Runtime/OpenXR/Content/Devices/MicrosoftMixedReality/MI_MicrosoftMixedReality.uasset" 436
"../../../Engine/Plugins/Runtime/OpenXR/Content/Devices/MicrosoftMixedReality/MI_MicrosoftMixedReality.uexp" 437
"../../../Engine/Plugins/Runtime/OpenXR/Content/Devices/MicrosoftMixedReality/Left/left_MicrosoftMixedRealityController.uasset" 438
"../../../Engine/Plugins/Runtime/OpenXR/Content/Devices/MicrosoftMixedReality/Left/left_MicrosoftMixedRealityController.uexp" 439
"../../../Engine/Plugins/Runtime/OpenXR/Content/Devices/MicrosoftMixedReality/Right/right_MicrosoftMixedRealityController.uasset" 440
"../../../Engine/Plugins/Runtime/OpenXR/Content/Devices/MicrosoftMixedReality/Right/right_MicrosoftMixedRealityController.uexp" 441
"../../../Engine/Plugins/Runtime/OpenXR/Content/Devices/OculusGo/BaseTexture.uasset" 442
"../../../Engine/Plugins/Runtime/OpenXR/Content/Devices/OculusGo/BaseTexture.uexp" 443
"../../../Engine/Plugins/Runtime/OpenXR/Content/Devices/OculusGo/BaseTexture.ubulk" 444
"../../../Engine/Plugins/Runtime/OpenXR/Content/Devices/OculusGo/MI_OculusGo.uasset" 445
"../../../Engine/Plugins/Runtime/OpenXR/Content/Devices/OculusGo/MI_OculusGo.uexp" 446
"../../../Engine/Plugins/Runtime/OpenXR/Content/Devices/OculusGo/OculusGoController.uasset" 447
"../../../Engine/Plugins/Runtime/OpenXR/Content/Devices/OculusGo/OculusGoController.uexp" 448
"../../../Engine/Plugins/Runtime/OpenXR/Content/Devices/OculusTouch/MRTexture.uasset" 449
"../../../Engine/Plugins/Runtime/OpenXR/Content/Devices/OculusTouch/MRTexture.uexp" 450
"../../../Engine/Plugins/Runtime/OpenXR/Content/Devices/OculusTouch/MRTexture.ubulk" 451
"../../../Engine/Plugins/Runtime/OpenXR/Content/Devices/OculusTouch/BaseTexture.uasset" 452
"../../../Engine/Plugins/Runtime/OpenXR/Content/Devices/OculusTouch/BaseTexture.uexp" 453
"../../../Engine/Plugins/Runtime/OpenXR/Content/Devices/OculusTouch/BaseTexture.ubulk" 454
"../../../Engine/Plugins/Runtime/OpenXR/Content/Devices/OculusTouch/MI_OculusTouch.uasset" 455
"../../../Engine/Plugins/Runtime/OpenXR/Content/Devices/OculusTouch/MI_OculusTouch.uexp" 456
"../../../Engine/Plugins/Runtime/OpenXR/Content/Devices/OculusTouch/Left/left_OculusTouchController.uasset" 457
"../../../Engine/Plugins/Runtime/OpenXR/Content/Devices/OculusTouch/Left/left_OculusTouchController.uexp" 458
"../../../Engine/Plugins/Runtime/OpenXR/Content/Devices/OculusTouch/Right/right_OculusTouchController.uasset" 459
"../../../Engine/Plugins/Runtime/OpenXR/Content/Devices/OculusTouch/Right/right_OculusTouchController.uexp" 460
"../../../Engine/Plugins/Runtime/OpenXR/Content/Devices/OculusTouch_v2/MRTexture.uasset" 461
"../../../Engine/Plugins/Runtime/OpenXR/Content/Devices/OculusTouch_v2/MRTexture.uexp" 462
"../../../Engine/Plugins/Runtime/OpenXR/Content/Devices/OculusTouch_v2/MRTexture.ubulk" 463
"../../../Engine/Plugins/Runtime/OpenXR/Content/Devices/OculusTouch_v2/BaseTexture.uasset" 464
"../../../Engine/Plugins/Runtime/OpenXR/Content/Devices/OculusTouch_v2/BaseTexture.uexp" 465
"../../../Engine/Plugins/Runtime/OpenXR/Content/Devices/OculusTouch_v2/BaseTexture.ubulk" 466
"../../../Engine/Plugins/Runtime/OpenXR/Content/Devices/OculusTouch_v2/MI_OculusTouch_v2.uasset" 467
"../../../Engine/Plugins/Runtime/OpenXR/Content/Devices/OculusTouch_v2/MI_OculusTouch_v2.uexp" 468
"../../../Engine/Plugins/Runtime/OpenXR/Content/Devices/OculusTouch_v2/Left/left_OculusTouch_v2Controller.uasset" 469
"../../../Engine/Plugins/Runtime/OpenXR/Content/Devices/OculusTouch_v2/Left/left_OculusTouch_v2Controller.uexp" 470
"../../../Engine/Plugins/Runtime/OpenXR/Content/Devices/OculusTouch_v2/Right/right_OculusTouch_v2Controller.uasset" 471
"../../../Engine/Plugins/Runtime/OpenXR/Content/Devices/OculusTouch_v2/Right/right_OculusTouch_v2Controller.uexp" 472
"../../../Engine/Plugins/Runtime/OpenXR/Content/Devices/OculusTouch_v3/MRTexture.uasset" 473
"../../../Engine/Plugins/Runtime/OpenXR/Content/Devices/OculusTouch_v3/MRTexture.uexp" 474
"../../../Engine/Plugins/Runtime/OpenXR/Content/Devices/OculusTouch_v3/MRTexture.ubulk" 475
"../../../Engine/Plugins/Runtime/OpenXR/Content/Devices/OculusTouch_v3/BaseTexture.uasset" 476
"../../../Engine/Plugins/Runtime/OpenXR/Content/Devices/OculusTouch_v3/BaseTexture.uexp" 477
"../../../Engine/Plugins/Runtime/OpenXR/Content/Devices/OculusTouch_v3/BaseTexture.ubulk" 478
"../../../Engine/Plugins/Runtime/OpenXR/Content/Devices/OculusTouch_v3/MI_OculusTouch_v3.uasset" 479
"../../../Engine/Plugins/Runtime/OpenXR/Content/Devices/OculusTouch_v3/MI_OculusTouch_v3.uexp" 480
"../../../Engine/Plugins/Runtime/OpenXR/Content/Devices/OculusTouch_v3/Left/left_OculusTouch_v3Controller.uasset" 481
"../../../Engine/Plugins/Runtime/OpenXR/Content/Devices/OculusTouch_v3/Left/left_OculusTouch_v3Controller.uexp" 482
"../../../Engine/Plugins/Runtime/OpenXR/Content/Devices/OculusTouch_v3/Right/right_OculusTouch_v3Controller.uasset" 483
"../../../Engine/Plugins/Runtime/OpenXR/Content/Devices/OculusTouch_v3/Right/right_OculusTouch_v3Controller.uexp" 484
"../../../Engine/Plugins/Runtime/OpenXR/Content/Devices/ValveIndex/MRTexture.uasset" 485
"../../../Engine/Plugins/Runtime/OpenXR/Content/Devices/ValveIndex/MRTexture.uexp" 486
"../../../Engine/Plugins/Runtime/OpenXR/Content/Devices/ValveIndex/MRTexture.ubulk" 487
"../../../Engine/Plugins/Runtime/OpenXR/Content/Devices/ValveIndex/BaseTexture.uasset" 488
"../../../Engine/Plugins/Runtime/OpenXR/Content/Devices/ValveIndex/BaseTexture.uexp" 489
"../../../Engine/Plugins/Runtime/OpenXR/Content/Devices/ValveIndex/BaseTexture.ubulk" 490
"../../../Engine/Plugins/Runtime/OpenXR/Content/Devices/ValveIndex/Left/MI_left_ValveIndex.uasset" 491
"../../../Engine/Plugins/Runtime/OpenXR/Content/Devices/ValveIndex/Left/MI_left_ValveIndex.uexp" 492
"../../../Engine/Plugins/Runtime/OpenXR/Content/Devices/ValveIndex/Left/left_ValveIndexController.uasset" 493
"../../../Engine/Plugins/Runtime/OpenXR/Content/Devices/ValveIndex/Left/left_ValveIndexController.uexp" 494
"../../../Engine/Plugins/Runtime/OpenXR/Content/Devices/ValveIndex/Right/MI_right_ValveIndex.uasset" 495
"../../../Engine/Plugins/Runtime/OpenXR/Content/Devices/ValveIndex/Right/MI_right_ValveIndex.uexp" 496
"../../../Engine/Plugins/Runtime/OpenXR/Content/Devices/ValveIndex/Right/right_ValveIndexController.uasset" 497
"../../../Engine/Plugins/Runtime/OpenXR/Content/Devices/ValveIndex/Right/right_ValveIndexController.uexp" 498
"../../../Engine/Content/Functions/Engine_MaterialFunctions02/Utility/BreakOutFloat4Components.uasset" 499
"../../../Engine/Content/Functions/Engine_MaterialFunctions02/Utility/BreakOutFloat4Components.uexp" 500
"../../../Engine/Content/Functions/Engine_MaterialFunctions02/Utility/MakeFloat3.uasset" 501
"../../../Engine/Content/Functions/Engine_MaterialFunctions02/Utility/MakeFloat3.uexp" 502
"../../../Engine/Plugins/Runtime/Oculus/OculusVR/Content/Materials/OculusMR_ChromaKey.uasset" 503
"../../../Engine/Plugins/Runtime/Oculus/OculusVR/Content/Materials/OculusMR_ChromaKey.uexp" 504
"../../../Engine/Plugins/Runtime/Oculus/OculusVR/Content/Materials/OculusMR_OpaqueColoredMaterial.uasset" 505
"../../../Engine/Plugins/Runtime/Oculus/OculusVR/Content/Materials/OculusMR_OpaqueColoredMaterial.uexp" 506
"../../../Engine/Plugins/Runtime/Oculus/OculusVR/Content/Materials/PokeAHoleMaterial.uasset" 507
"../../../Engine/Plugins/Runtime/Oculus/OculusVR/Content/Materials/PokeAHoleMaterial.uexp" 508
"../../../Engine/Plugins/Runtime/Oculus/OculusVR/Content/Textures/touchController_controlmap.uasset" 509
"../../../Engine/Plugins/Runtime/Oculus/OculusVR/Content/Textures/touchController_controlmap.uexp" 510
"../../../Engine/Plugins/Runtime/Oculus/OculusVR/Content/Textures/touchController_controlmap.ubulk" 511
"../../../Engine/Plugins/Runtime/Oculus/OculusVR/Content/Textures/touchController_albedo.uasset" 512
"../../../Engine/Plugins/Runtime/Oculus/OculusVR/Content/Textures/touchController_albedo.uexp" 513
"../../../Engine/Plugins/Runtime/Oculus/OculusVR/Content/Textures/touchController_albedo.ubulk" 514
"../../../Engine/Plugins/Runtime/Oculus/OculusVR/Content/Materials/touchController_mat.uasset" 515
"../../../Engine/Plugins/Runtime/Oculus/OculusVR/Content/Materials/touchController_mat.uexp" 516
"../../../Engine/Plugins/Runtime/Oculus/OculusVR/Content/Meshes/LeftTouchController.uasset" 517
"../../../Engine/Plugins/Runtime/Oculus/OculusVR/Content/Meshes/LeftTouchController.uexp" 518
"../../../Engine/Plugins/Runtime/Oculus/OculusVR/Content/Textures/TouchForQuestRiftSController_albedo.uasset" 519
"../../../Engine/Plugins/Runtime/Oculus/OculusVR/Content/Textures/TouchForQuestRiftSController_albedo.uexp" 520
"../../../Engine/Plugins/Runtime/Oculus/OculusVR/Content/Textures/TouchForQuestRiftSController_albedo.ubulk" 521
"../../../Engine/Plugins/Runtime/Oculus/OculusVR/Content/Materials/TouchForQuestRiftSControllerMaterial.uasset" 522
"../../../Engine/Plugins/Runtime/Oculus/OculusVR/Content/Materials/TouchForQuestRiftSControllerMaterial.uexp" 523
"../../../Engine/Plugins/Runtime/Oculus/OculusVR/Content/Meshes/LeftTouchForQuestRiftSController.uasset" 524
"../../../Engine/Plugins/Runtime/Oculus/OculusVR/Content/Meshes/LeftTouchForQuestRiftSController.uexp" 525
"../../../Engine/Plugins/Runtime/Oculus/OculusVR/Content/Meshes/RiftHMD.uasset" 526
"../../../Engine/Plugins/Runtime/Oculus/OculusVR/Content/Meshes/RiftHMD.uexp" 527
"../../../Engine/Plugins/Runtime/Oculus/OculusVR/Content/Meshes/RightTouchController.uasset" 528
"../../../Engine/Plugins/Runtime/Oculus/OculusVR/Content/Meshes/RightTouchController.uexp" 529
"../../../Engine/Plugins/Runtime/Oculus/OculusVR/Content/Meshes/RightTouchForQuestRiftSController.uasset" 530
"../../../Engine/Plugins/Runtime/Oculus/OculusVR/Content/Meshes/RightTouchForQuestRiftSController.uexp" 531
"../../../Engine/Content/MapTemplates/T_ScreenDirt02_w.uasset" 532
"../../../Engine/Content/MapTemplates/T_ScreenDirt02_w.uexp" 533
"../../../Engine/Content/MapTemplates/Bokeh_5Sides.uasset" 534
"../../../Engine/Content/MapTemplates/Bokeh_5Sides.uexp" 535
"../../../Engine/Content/MapTemplates/Bokeh_5Sides.ubulk" 536
"../../../MyProject1/Content/2DSideScrollerBP/Maps/Level_BuiltData.uasset" 537
"../../../MyProject1/Content/2DSideScrollerBP/Maps/Level_BuiltData.uexp" 538
"../../../MyProject1/Content/2DSideScrollerBP/Enemies/SkeletAnimation/Animations/Walk.uasset" 539
"../../../MyProject1/Content/2DSideScrollerBP/Enemies/SkeletAnimation/Animations/Walk.uexp" 540
"../../../MyProject1/Content/2DSideScrollerBP/Enemies/SkeletAnimation/Animations/Walk_Sprite_3.uasset" 541
"../../../MyProject1/Content/2DSideScrollerBP/Enemies/SkeletAnimation/Animations/Walk_Sprite_3.uexp" 542
"../../../MyProject1/Content/2DSideScrollerBP/Enemies/SkeletAnimation/Animations/Walk_Sprite_2.uasset" 543
"../../../MyProject1/Content/2DSideScrollerBP/Enemies/SkeletAnimation/Animations/Walk_Sprite_2.uexp" 544
"../../../MyProject1/Content/2DSideScrollerBP/Enemies/SkeletAnimation/Animations/Walk_Sprite_1.uasset" 545
"../../../MyProject1/Content/2DSideScrollerBP/Enemies/SkeletAnimation/Animations/Walk_Sprite_1.uexp" 546
"../../../MyProject1/Content/2DSideScrollerBP/Enemies/SkeletAnimation/Animations/Walk_Sprite_0.uasset" 547
"../../../MyProject1/Content/2DSideScrollerBP/Enemies/SkeletAnimation/Animations/Walk_Sprite_0.uexp" 548
"../../../MyProject1/Content/2DSideScrollerBP/Enemies/SkeletAnimation/Flipbooks/SkWalk.uasset" 549
"../../../MyProject1/Content/2DSideScrollerBP/Enemies/SkeletAnimation/Flipbooks/SkWalk.uexp" 550
"../../../MyProject1/Content/2DSideScrollerBP/Enemies/SkeletAnimation/Animations/Take_Hit.uasset" 551
"../../../MyProject1/Content/2DSideScrollerBP/Enemies/SkeletAnimation/Animations/Take_Hit.uexp" 552
"../../../MyProject1/Content/2DSideScrollerBP/Enemies/SkeletAnimation/Animations/Take_Hit_Sprite_3.uasset" 553
"../../../MyProject1/Content/2DSideScrollerBP/Enemies/SkeletAnimation/Animations/Take_Hit_Sprite_3.uexp" 554
"../../../MyProject1/Content/2DSideScrollerBP/Enemies/SkeletAnimation/Animations/Take_Hit_Sprite_2.uasset" 555
"../../../MyProject1/Content/2DSideScrollerBP/Enemies/SkeletAnimation/Animations/Take_Hit_Sprite_2.uexp" 556
"../../../MyProject1/Content/2DSideScrollerBP/Enemies/SkeletAnimation/Animations/Take_Hit_Sprite_1.uasset" 557
"../../../MyProject1/Content/2DSideScrollerBP/Enemies/SkeletAnimation/Animations/Take_Hit_Sprite_1.uexp" 558
"../../../MyProject1/Content/2DSideScrollerBP/Enemies/SkeletAnimation/Animations/Take_Hit_Sprite_0.uasset" 559
"../../../MyProject1/Content/2DSideScrollerBP/Enemies/SkeletAnimation/Animations/Take_Hit_Sprite_0.uexp" 560
"../../../MyProject1/Content/2DSideScrollerBP/Enemies/SkeletAnimation/Flipbooks/SkHit.uasset" 561
"../../../MyProject1/Content/2DSideScrollerBP/Enemies/SkeletAnimation/Flipbooks/SkHit.uexp" 562
"../../../MyProject1/Content/2DSideScrollerBP/Enemies/SkeletAnimation/Animations/Idle.uasset" 563
"../../../MyProject1/Content/2DSideScrollerBP/Enemies/SkeletAnimation/Animations/Idle.uexp" 564
"../../../MyProject1/Content/2DSideScrollerBP/Enemies/SkeletAnimation/Animations/Idle_Sprite_3.uasset" 565
"../../../MyProject1/Content/2DSideScrollerBP/Enemies/SkeletAnimation/Animations/Idle_Sprite_3.uexp" 566
"../../../MyProject1/Content/2DSideScrollerBP/Enemies/SkeletAnimation/Animations/Idle_Sprite_2.uasset" 567
"../../../MyProject1/Content/2DSideScrollerBP/Enemies/SkeletAnimation/Animations/Idle_Sprite_2.uexp" 568
"../../../MyProject1/Content/2DSideScrollerBP/Enemies/SkeletAnimation/Animations/Idle_Sprite_1.uasset" 569
"../../../MyProject1/Content/2DSideScrollerBP/Enemies/SkeletAnimation/Animations/Idle_Sprite_1.uexp" 570
"../../../MyProject1/Content/2DSideScrollerBP/Enemies/SkeletAnimation/Animations/Idle_Sprite_0.uasset" 571
"../../../MyProject1/Content/2DSideScrollerBP/Enemies/SkeletAnimation/Animations/Idle_Sprite_0.uexp" 572
"../../../MyProject1/Content/2DSideScrollerBP/Enemies/SkeletAnimation/Flipbooks/SkeletonIdle.uasset" 573
"../../../MyProject1/Content/2DSideScrollerBP/Enemies/SkeletAnimation/Flipbooks/SkeletonIdle.uexp" 574
"../../../MyProject1/Content/2DSideScrollerBP/Enemies/SkeletAnimation/Animations/Death.uasset" 575
"../../../MyProject1/Content/2DSideScrollerBP/Enemies/SkeletAnimation/Animations/Death.uexp" 576
"../../../MyProject1/Content/2DSideScrollerBP/Enemies/SkeletAnimation/Animations/Death_Sprite_3.uasset" 577
"../../../MyProject1/Content/2DSideScrollerBP/Enemies/SkeletAnimation/Animations/Death_Sprite_3.uexp" 578
"../../../MyProject1/Content/2DSideScrollerBP/Enemies/SkeletAnimation/Flipbooks/SkDeathLoop.uasset" 579
"../../../MyProject1/Content/2DSideScrollerBP/Enemies/SkeletAnimation/Flipbooks/SkDeathLoop.uexp" 580
"../../../MyProject1/Content/2DSideScrollerBP/Enemies/SkeletAnimation/Animations/Death_Sprite_2.uasset" 581
"../../../MyProject1/Content/2DSideScrollerBP/Enemies/SkeletAnimation/Animations/Death_Sprite_2.uexp" 582
"../../../MyProject1/Content/2DSideScrollerBP/Enemies/SkeletAnimation/Animations/Death_Sprite_1.uasset" 583
"../../../MyProject1/Content/2DSideScrollerBP/Enemies/SkeletAnimation/Animations/Death_Sprite_1.uexp" 584
"../../../MyProject1/Content/2DSideScrollerBP/Enemies/SkeletAnimation/Animations/Death_Sprite_0.uasset" 585
"../../../MyProject1/Content/2DSideScrollerBP/Enemies/SkeletAnimation/Animations/Death_Sprite_0.uexp" 586
"../../../MyProject1/Content/2DSideScrollerBP/Enemies/SkeletAnimation/Flipbooks/SkDeath.uasset" 587
"../../../MyProject1/Content/2DSideScrollerBP/Enemies/SkeletAnimation/Flipbooks/SkDeath.uexp" 588
"../../../MyProject1/Content/2DSideScrollerBP/Enemies/SkeletAnimation/Animations/Attack.uasset" 589
"../../../MyProject1/Content/2DSideScrollerBP/Enemies/SkeletAnimation/Animations/Attack.uexp" 590
"../../../MyProject1/Content/2DSideScrollerBP/Enemies/SkeletAnimation/Animations/Attack_Sprite_7.uasset" 591
"../../../MyProject1/Content/2DSideScrollerBP/Enemies/SkeletAnimation/Animations/Attack_Sprite_7.uexp" 592
"../../../MyProject1/Content/2DSideScrollerBP/Enemies/SkeletAnimation/Animations/Attack_Sprite_6.uasset" 593
"../../../MyProject1/Content/2DSideScrollerBP/Enemies/SkeletAnimation/Animations/Attack_Sprite_6.uexp" 594
"../../../MyProject1/Content/2DSideScrollerBP/Enemies/SkeletAnimation/Animations/Attack_Sprite_5.uasset" 595
"../../../MyProject1/Content/2DSideScrollerBP/Enemies/SkeletAnimation/Animations/Attack_Sprite_5.uexp" 596
"../../../MyProject1/Content/2DSideScrollerBP/Enemies/SkeletAnimation/Animations/Attack_Sprite_4.uasset" 597
"../../../MyProject1/Content/2DSideScrollerBP/Enemies/SkeletAnimation/Animations/Attack_Sprite_4.uexp" 598
"../../../MyProject1/Content/2DSideScrollerBP/Enemies/SkeletAnimation/Animations/Attack_Sprite_3.uasset" 599
"../../../MyProject1/Content/2DSideScrollerBP/Enemies/SkeletAnimation/Animations/Attack_Sprite_3.uexp" 600
"../../../MyProject1/Content/2DSideScrollerBP/Enemies/SkeletAnimation/Animations/Attack_Sprite_2.uasset" 601
"../../../MyProject1/Content/2DSideScrollerBP/Enemies/SkeletAnimation/Animations/Attack_Sprite_2.uexp" 602
"../../../MyProject1/Content/2DSideScrollerBP/Enemies/SkeletAnimation/Animations/Attack_Sprite_1.uasset" 603
"../../../MyProject1/Content/2DSideScrollerBP/Enemies/SkeletAnimation/Animations/Attack_Sprite_1.uexp" 604
"../../../MyProject1/Content/2DSideScrollerBP/Enemies/SkeletAnimation/Animations/Attack_Sprite_0.uasset" 605
"../../../MyProject1/Content/2DSideScrollerBP/Enemies/SkeletAnimation/Animations/Attack_Sprite_0.uexp" 606
"../../../MyProject1/Content/2DSideScrollerBP/Enemies/SkeletAnimation/Flipbooks/SkAttack.uasset" 607
"../../../MyProject1/Content/2DSideScrollerBP/Enemies/SkeletAnimation/Flipbooks/SkAttack.uexp" 608
"../../../MyProject1/Content/2DSideScrollerBP/character/noBKG_KnightShield_strip.uasset" 609
"../../../MyProject1/Content/2DSideScrollerBP/character/noBKG_KnightShield_strip.uexp" 610
"../../../MyProject1/Content/2DSideScrollerBP/character/noBKG_KnightShield_strip_Sprite_6.uasset" 611
"../../../MyProject1/Content/2DSideScrollerBP/character/noBKG_KnightShield_strip_Sprite_6.uexp" 612
"../../../MyProject1/Content/2DSideScrollerBP/character/noBKG_KnightShield_strip_Sprite_5.uasset" 613
"../../../MyProject1/Content/2DSideScrollerBP/character/noBKG_KnightShield_strip_Sprite_5.uexp" 614
"../../../MyProject1/Content/2DSideScrollerBP/character/noBKG_KnightShield_strip_Sprite_4.uasset" 615
"../../../MyProject1/Content/2DSideScrollerBP/character/noBKG_KnightShield_strip_Sprite_4.uexp" 616
"../../../MyProject1/Content/2DSideScrollerBP/character/noBKG_KnightShield_strip_Sprite_3.uasset" 617
"../../../MyProject1/Content/2DSideScrollerBP/character/noBKG_KnightShield_strip_Sprite_3.uexp" 618
"../../../MyProject1/Content/2DSideScrollerBP/character/noBKG_KnightShield_strip_Sprite_2.uasset" 619
"../../../MyProject1/Content/2DSideScrollerBP/character/noBKG_KnightShield_strip_Sprite_2.uexp" 620
"../../../MyProject1/Content/2DSideScrollerBP/character/noBKG_KnightShield_strip_Sprite_1.uasset" 621
"../../../MyProject1/Content/2DSideScrollerBP/character/noBKG_KnightShield_strip_Sprite_1.uexp" 622
"../../../MyProject1/Content/2DSideScrollerBP/character/noBKG_KnightShield_strip_Sprite_0.uasset" 623
"../../../MyProject1/Content/2DSideScrollerBP/character/noBKG_KnightShield_strip_Sprite_0.uexp" 624
"../../../MyProject1/Content/2DSideScrollerBP/character/Flipbooks/knightshield.uasset" 625
"../../../MyProject1/Content/2DSideScrollerBP/character/Flipbooks/knightshield.uexp" 626
"../../../MyProject1/Content/2DSideScrollerBP/Enemies/SkeletAnimation/Skeleton.uasset" 627
"../../../MyProject1/Content/2DSideScrollerBP/Enemies/SkeletAnimation/Skeleton.uexp" 628
"../../../MyProject1/Content/2DSideScrollerBP/character/noBKG_KnightDeath_strip.uasset" 629
"../../../MyProject1/Content/2DSideScrollerBP/character/noBKG_KnightDeath_strip.uexp" 630
"../../../MyProject1/Content/2DSideScrollerBP/character/noBKG_KnightDeath_strip_Sprite_9.uasset" 631
"../../../MyProject1/Content/2DSideScrollerBP/character/noBKG_KnightDeath_strip_Sprite_9.uexp" 632
"../../../MyProject1/Content/2DSideScrollerBP/character/noBKG_KnightDeath_strip_Sprite_0.uasset" 633
"../../../MyProject1/Content/2DSideScrollerBP/character/noBKG_KnightDeath_strip_Sprite_0.uexp" 634
"../../../MyProject1/Content/2DSideScrollerBP/character/noBKG_KnightDeath_strip_Sprite_1.uasset" 635
"../../../MyProject1/Content/2DSideScrollerBP/character/noBKG_KnightDeath_strip_Sprite_1.uexp" 636
"../../../MyProject1/Content/2DSideScrollerBP/character/noBKG_KnightDeath_strip_Sprite_10.uasset" 637
"../../../MyProject1/Content/2DSideScrollerBP/character/noBKG_KnightDeath_strip_Sprite_10.uexp" 638
"../../../MyProject1/Content/2DSideScrollerBP/character/noBKG_KnightDeath_strip_Sprite_11.uasset" 639
"../../../MyProject1/Content/2DSideScrollerBP/character/noBKG_KnightDeath_strip_Sprite_11.uexp" 640
"../../../MyProject1/Content/2DSideScrollerBP/character/noBKG_KnightDeath_strip_Sprite_2.uasset" 641
"../../../MyProject1/Content/2DSideScrollerBP/character/noBKG_KnightDeath_strip_Sprite_2.uexp" 642
"../../../MyProject1/Content/2DSideScrollerBP/character/noBKG_KnightDeath_strip_Sprite_4.uasset" 643
"../../../MyProject1/Content/2DSideScrollerBP/character/noBKG_KnightDeath_strip_Sprite_4.uexp" 644
"../../../MyProject1/Content/2DSideScrollerBP/character/noBKG_KnightDeath_strip_Sprite_5.uasset" 645
"../../../MyProject1/Content/2DSideScrollerBP/character/noBKG_KnightDeath_strip_Sprite_5.uexp" 646
"../../../MyProject1/Content/2DSideScrollerBP/character/noBKG_KnightDeath_strip_Sprite_6.uasset" 647
"../../../MyProject1/Content/2DSideScrollerBP/character/noBKG_KnightDeath_strip_Sprite_6.uexp" 648
"../../../MyProject1/Content/2DSideScrollerBP/character/noBKG_KnightDeath_strip_Sprite_3.uasset" 649
"../../../MyProject1/Content/2DSideScrollerBP/character/noBKG_KnightDeath_strip_Sprite_3.uexp" 650
"../../../MyProject1/Content/2DSideScrollerBP/character/noBKG_KnightDeath_strip_Sprite_8.uasset" 651
"../../../MyProject1/Content/2DSideScrollerBP/character/noBKG_KnightDeath_strip_Sprite_8.uexp" 652
"../../../MyProject1/Content/2DSideScrollerBP/character/noBKG_KnightDeath_strip_Sprite_7.uasset" 653
"../../../MyProject1/Content/2DSideScrollerBP/character/noBKG_KnightDeath_strip_Sprite_7.uexp" 654
"../../../MyProject1/Content/2DSideScrollerBP/character/Flipbooks/Death.uasset" 655
"../../../MyProject1/Content/2DSideScrollerBP/character/Flipbooks/Death.uexp" 656
"../../../MyProject1/Content/2DSideScrollerBP/character/Flipbooks/DeathLoop.uasset" 657
"../../../MyProject1/Content/2DSideScrollerBP/character/Flipbooks/DeathLoop.uexp" 658
"../../../MyProject1/Content/2DSideScrollerBP/character/noBKG_KnightIdle_strip.uasset" 659
"../../../MyProject1/Content/2DSideScrollerBP/character/noBKG_KnightIdle_strip.uexp" 660
"../../../MyProject1/Content/2DSideScrollerBP/character/noBKG_KnightIdle_strip_Sprite_9.uasset" 661
"../../../MyProject1/Content/2DSideScrollerBP/character/noBKG_KnightIdle_strip_Sprite_9.uexp" 662
"../../../MyProject1/Content/2DSideScrollerBP/character/noBKG_KnightIdle_strip_Sprite_8.uasset" 663
"../../../MyProject1/Content/2DSideScrollerBP/character/noBKG_KnightIdle_strip_Sprite_8.uexp" 664
"../../../MyProject1/Content/2DSideScrollerBP/character/noBKG_KnightIdle_strip_Sprite_7.uasset" 665
"../../../MyProject1/Content/2DSideScrollerBP/character/noBKG_KnightIdle_strip_Sprite_7.uexp" 666
"../../../MyProject1/Content/2DSideScrollerBP/character/noBKG_KnightIdle_strip_Sprite_6.uasset" 667
"../../../MyProject1/Content/2DSideScrollerBP/character/noBKG_KnightIdle_strip_Sprite_6.uexp" 668
"../../../MyProject1/Content/2DSideScrollerBP/character/noBKG_KnightIdle_strip_Sprite_5.uasset" 669
"../../../MyProject1/Content/2DSideScrollerBP/character/noBKG_KnightIdle_strip_Sprite_5.uexp" 670
"../../../MyProject1/Content/2DSideScrollerBP/character/noBKG_KnightIdle_strip_Sprite_4.uasset" 671
"../../../MyProject1/Content/2DSideScrollerBP/character/noBKG_KnightIdle_strip_Sprite_4.uexp" 672
"../../../MyProject1/Content/2DSideScrollerBP/character/noBKG_KnightIdle_strip_Sprite_3.uasset" 673
"../../../MyProject1/Content/2DSideScrollerBP/character/noBKG_KnightIdle_strip_Sprite_3.uexp" 674
"../../../MyProject1/Content/2DSideScrollerBP/character/noBKG_KnightIdle_strip_Sprite_2.uasset" 675
"../../../MyProject1/Content/2DSideScrollerBP/character/noBKG_KnightIdle_strip_Sprite_2.uexp" 676
"../../../MyProject1/Content/2DSideScrollerBP/character/noBKG_KnightIdle_strip_Sprite_14.uasset" 677
"../../../MyProject1/Content/2DSideScrollerBP/character/noBKG_KnightIdle_strip_Sprite_14.uexp" 678
"../../../MyProject1/Content/2DSideScrollerBP/character/noBKG_KnightIdle_strip_Sprite_13.uasset" 679
"../../../MyProject1/Content/2DSideScrollerBP/character/noBKG_KnightIdle_strip_Sprite_13.uexp" 680
"../../../MyProject1/Content/2DSideScrollerBP/character/noBKG_KnightIdle_strip_Sprite_12.uasset" 681
"../../../MyProject1/Content/2DSideScrollerBP/character/noBKG_KnightIdle_strip_Sprite_12.uexp" 682
"../../../MyProject1/Content/2DSideScrollerBP/character/noBKG_KnightIdle_strip_Sprite_11.uasset" 683
"../../../MyProject1/Content/2DSideScrollerBP/character/noBKG_KnightIdle_strip_Sprite_11.uexp" 684
"../../../MyProject1/Content/2DSideScrollerBP/character/noBKG_KnightIdle_strip_Sprite_10.uasset" 685
"../../../MyProject1/Content/2DSideScrollerBP/character/noBKG_KnightIdle_strip_Sprite_10.uexp" 686
"../../../MyProject1/Content/2DSideScrollerBP/character/noBKG_KnightIdle_strip_Sprite_1.uasset" 687
"../../../MyProject1/Content/2DSideScrollerBP/character/noBKG_KnightIdle_strip_Sprite_1.uexp" 688
"../../../MyProject1/Content/2DSideScrollerBP/character/noBKG_KnightIdle_strip_Sprite_0.uasset" 689
"../../../MyProject1/Content/2DSideScrollerBP/character/noBKG_KnightIdle_strip_Sprite_0.uexp" 690
"../../../MyProject1/Content/2DSideScrollerBP/character/Flipbooks/idleknight.uasset" 691
"../../../MyProject1/Content/2DSideScrollerBP/character/Flipbooks/idleknight.uexp" 692
"../../../MyProject1/Content/2DSideScrollerBP/character/noBKG_KnightJumpAndFall_strip.uasset" 693
"../../../MyProject1/Content/2DSideScrollerBP/character/noBKG_KnightJumpAndFall_strip.uexp" 694
"../../../MyProject1/Content/2DSideScrollerBP/character/noBKG_KnightJumpAndFall_strip_Sprite_9.uasset" 695
"../../../MyProject1/Content/2DSideScrollerBP/character/noBKG_KnightJumpAndFall_strip_Sprite_9.uexp" 696
"../../../MyProject1/Content/2DSideScrollerBP/character/noBKG_KnightJumpAndFall_strip_Sprite_8.uasset" 697
"../../../MyProject1/Content/2DSideScrollerBP/character/noBKG_KnightJumpAndFall_strip_Sprite_8.uexp" 698
"../../../MyProject1/Content/2DSideScrollerBP/character/noBKG_KnightJumpAndFall_strip_Sprite_7.uasset" 699
"../../../MyProject1/Content/2DSideScrollerBP/character/noBKG_KnightJumpAndFall_strip_Sprite_7.uexp" 700
"../../../MyProject1/Content/2DSideScrollerBP/character/noBKG_KnightJumpAndFall_strip_Sprite_6.uasset" 701
"../../../MyProject1/Content/2DSideScrollerBP/character/noBKG_KnightJumpAndFall_strip_Sprite_6.uexp" 702
"../../../MyProject1/Content/2DSideScrollerBP/character/noBKG_KnightJumpAndFall_strip_Sprite_5.uasset" 703
"../../../MyProject1/Content/2DSideScrollerBP/character/noBKG_KnightJumpAndFall_strip_Sprite_5.uexp" 704
"../../../MyProject1/Content/2DSideScrollerBP/character/noBKG_KnightJumpAndFall_strip_Sprite_4.uasset" 705
"../../../MyProject1/Content/2DSideScrollerBP/character/noBKG_KnightJumpAndFall_strip_Sprite_4.uexp" 706
"../../../MyProject1/Content/2DSideScrollerBP/character/noBKG_KnightJumpAndFall_strip_Sprite_3.uasset" 707
"../../../MyProject1/Content/2DSideScrollerBP/character/noBKG_KnightJumpAndFall_strip_Sprite_3.uexp" 708
"../../../MyProject1/Content/2DSideScrollerBP/character/noBKG_KnightJumpAndFall_strip_Sprite_2.uasset" 709
"../../../MyProject1/Content/2DSideScrollerBP/character/noBKG_KnightJumpAndFall_strip_Sprite_2.uexp" 710
"../../../MyProject1/Content/2DSideScrollerBP/character/noBKG_KnightJumpAndFall_strip_Sprite_13.uasset" 711
"../../../MyProject1/Content/2DSideScrollerBP/character/noBKG_KnightJumpAndFall_strip_Sprite_13.uexp" 712
"../../../MyProject1/Content/2DSideScrollerBP/character/noBKG_KnightJumpAndFall_strip_Sprite_12.uasset" 713
"../../../MyProject1/Content/2DSideScrollerBP/character/noBKG_KnightJumpAndFall_strip_Sprite_12.uexp" 714
"../../../MyProject1/Content/2DSideScrollerBP/character/noBKG_KnightJumpAndFall_strip_Sprite_11.uasset" 715
"../../../MyProject1/Content/2DSideScrollerBP/character/noBKG_KnightJumpAndFall_strip_Sprite_11.uexp" 716
"../../../MyProject1/Content/2DSideScrollerBP/character/noBKG_KnightJumpAndFall_strip_Sprite_10.uasset" 717
"../../../MyProject1/Content/2DSideScrollerBP/character/noBKG_KnightJumpAndFall_strip_Sprite_10.uexp" 718
"../../../MyProject1/Content/2DSideScrollerBP/character/noBKG_KnightJumpAndFall_strip_Sprite_1.uasset" 719
"../../../MyProject1/Content/2DSideScrollerBP/character/noBKG_KnightJumpAndFall_strip_Sprite_1.uexp" 720
"../../../MyProject1/Content/2DSideScrollerBP/character/noBKG_KnightJumpAndFall_strip_Sprite_0.uasset" 721
"../../../MyProject1/Content/2DSideScrollerBP/character/noBKG_KnightJumpAndFall_strip_Sprite_0.uexp" 722
"../../../MyProject1/Content/2DSideScrollerBP/character/Flipbooks/knightjumpandfall.uasset" 723
"../../../MyProject1/Content/2DSideScrollerBP/character/Flipbooks/knightjumpandfall.uexp" 724
"../../../MyProject1/Content/2DSideScrollerBP/character/noBKG_KnightRun_strip.uasset" 725
"../../../MyProject1/Content/2DSideScrollerBP/character/noBKG_KnightRun_strip.uexp" 726
"../../../MyProject1/Content/2DSideScrollerBP/character/noBKG_KnightRun_strip_Sprite_7.uasset" 727
"../../../MyProject1/Content/2DSideScrollerBP/character/noBKG_KnightRun_strip_Sprite_7.uexp" 728
"../../../MyProject1/Content/2DSideScrollerBP/character/noBKG_KnightRun_strip_Sprite_6.uasset" 729
"../../../MyProject1/Content/2DSideScrollerBP/character/noBKG_KnightRun_strip_Sprite_6.uexp" 730
"../../../MyProject1/Content/2DSideScrollerBP/character/noBKG_KnightRun_strip_Sprite_5.uasset" 731
"../../../MyProject1/Content/2DSideScrollerBP/character/noBKG_KnightRun_strip_Sprite_5.uexp" 732
"../../../MyProject1/Content/2DSideScrollerBP/character/noBKG_KnightRun_strip_Sprite_4.uasset" 733
"../../../MyProject1/Content/2DSideScrollerBP/character/noBKG_KnightRun_strip_Sprite_4.uexp" 734
"../../../MyProject1/Content/2DSideScrollerBP/character/noBKG_KnightRun_strip_Sprite_3.uasset" 735
"../../../MyProject1/Content/2DSideScrollerBP/character/noBKG_KnightRun_strip_Sprite_3.uexp" 736
"../../../MyProject1/Content/2DSideScrollerBP/character/noBKG_KnightRun_strip_Sprite_2.uasset" 737
"../../../MyProject1/Content/2DSideScrollerBP/character/noBKG_KnightRun_strip_Sprite_2.uexp" 738
"../../../MyProject1/Content/2DSideScrollerBP/character/noBKG_KnightRun_strip_Sprite_1.uasset" 739
"../../../MyProject1/Content/2DSideScrollerBP/character/noBKG_KnightRun_strip_Sprite_1.uexp" 740
"../../../MyProject1/Content/2DSideScrollerBP/character/noBKG_KnightRun_strip_Sprite_0.uasset" 741
"../../../MyProject1/Content/2DSideScrollerBP/character/noBKG_KnightRun_strip_Sprite_0.uexp" 742
"../../../MyProject1/Content/2DSideScrollerBP/character/Flipbooks/knightrun.uasset" 743
"../../../MyProject1/Content/2DSideScrollerBP/character/Flipbooks/knightrun.uexp" 744
"../../../MyProject1/Content/2DSideScrollerBP/character/noBKG_KnightAttack_strip.uasset" 745
"../../../MyProject1/Content/2DSideScrollerBP/character/noBKG_KnightAttack_strip.uexp" 746
"../../../MyProject1/Content/2DSideScrollerBP/character/noBKG_KnightAttack_strip_Sprite_16.uasset" 747
"../../../MyProject1/Content/2DSideScrollerBP/character/noBKG_KnightAttack_strip_Sprite_16.uexp" 748
"../../../MyProject1/Content/2DSideScrollerBP/character/noBKG_KnightAttack_strip_Sprite_17.uasset" 749
"../../../MyProject1/Content/2DSideScrollerBP/character/noBKG_KnightAttack_strip_Sprite_17.uexp" 750
"../../../MyProject1/Content/2DSideScrollerBP/character/noBKG_KnightAttack_strip_Sprite_18.uasset" 751
"../../../MyProject1/Content/2DSideScrollerBP/character/noBKG_KnightAttack_strip_Sprite_18.uexp" 752
"../../../MyProject1/Content/2DSideScrollerBP/character/noBKG_KnightAttack_strip_Sprite_19.uasset" 753
"../../../MyProject1/Content/2DSideScrollerBP/character/noBKG_KnightAttack_strip_Sprite_19.uexp" 754
"../../../MyProject1/Content/2DSideScrollerBP/character/noBKG_KnightAttack_strip_Sprite_20.uasset" 755
"../../../MyProject1/Content/2DSideScrollerBP/character/noBKG_KnightAttack_strip_Sprite_20.uexp" 756
"../../../MyProject1/Content/2DSideScrollerBP/character/Flipbooks/knigtattack.uasset" 757
"../../../MyProject1/Content/2DSideScrollerBP/character/Flipbooks/knigtattack.uexp" 758
"../../../MyProject1/Content/2DSideScrollerBP/Widgets/Death.uasset" 759
"../../../MyProject1/Content/2DSideScrollerBP/Widgets/Death.uexp" 760
"../../../MyProject1/Content/2DSideScrollerBP/Widgets/GameOver.uasset" 761
"../../../MyProject1/Content/2DSideScrollerBP/Widgets/GameOver.uexp" 762
"../../../MyProject1/Content/2DSideScrollerBP/Widgets/Health.uasset" 763
"../../../MyProject1/Content/2DSideScrollerBP/Widgets/Health.uexp" 764
"../../../MyProject1/Content/2DSideScrollerBP/2DSideScrollerCharacter.uasset" 765
"../../../MyProject1/Content/2DSideScrollerBP/2DSideScrollerCharacter.uexp" 766
"../../../MyProject1/Content/Items/Win/Win.uasset" 767
"../../../MyProject1/Content/Items/Win/Win.uexp" 768
"../../../MyProject1/Content/Items/Traps/Spikes.uasset" 769
"../../../MyProject1/Content/Items/Traps/Spikes.uexp" 770
"../../../Engine/Plugins/2D/Paper2D/Content/TranslucentUnlitSpriteMaterial.uasset" 771
"../../../Engine/Plugins/2D/Paper2D/Content/TranslucentUnlitSpriteMaterial.uexp" 772
"../../../MyProject1/Content/Items/Heart/heart_pixel_art_254x254.uasset" 773
"../../../MyProject1/Content/Items/Heart/heart_pixel_art_254x254.uexp" 774
"../../../MyProject1/Content/Items/Heart/heart_pixel_art_254x254_Sprite.uasset" 775
"../../../MyProject1/Content/Items/Heart/heart_pixel_art_254x254_Sprite.uexp" 776
"../../../MyProject1/Content/Items/Heart/HealthPickup.uasset" 777
"../../../MyProject1/Content/Items/Heart/HealthPickup.uexp" 778
"../../../MyProject1/Content/2DSideScrollerBP/Maps/Tileset.uasset" 779
"../../../MyProject1/Content/2DSideScrollerBP/Maps/Tileset.uexp" 780
"../../../MyProject1/Content/2DSideScrollerBP/Maps/Tileset_TileSet1.uasset" 781
"../../../MyProject1/Content/2DSideScrollerBP/Maps/Tileset_TileSet1.uexp" 782
"../../../MyProject1/Content/2DSideScrollerBP/Maps/Assets.uasset" 783
"../../../MyProject1/Content/2DSideScrollerBP/Maps/Assets.uexp" 784
"../../../MyProject1/Content/2DSideScrollerBP/Maps/Assets_TileSet.uasset" 785
"../../../MyProject1/Content/2DSideScrollerBP/Maps/Assets_TileSet.uexp" 786
"../../../MyProject1/Content/2DSideScrollerBP/Maps/harta.uasset" 787
"../../../MyProject1/Content/2DSideScrollerBP/Maps/harta.uexp" 788
"../../../MyProject1/Content/2DSideScrollerBP/Maps/Forest_background__2_.uasset" 789
"../../../MyProject1/Content/2DSideScrollerBP/Maps/Forest_background__2_.uexp" 790
"../../../MyProject1/Content/2DSideScrollerBP/Maps/Forest_background__2__Sprite.uasset" 791
"../../../MyProject1/Content/2DSideScrollerBP/Maps/Forest_background__2__Sprite.uexp" 792
"../../../MyProject1/Content/2DSideScrollerBP/Blueprints/2DSideScrollerGameMode.uasset" 793
"../../../MyProject1/Content/2DSideScrollerBP/Blueprints/2DSideScrollerGameMode.uexp" 794
"../../../MyProject1/Content/2DSideScrollerBP/Maps/Level.uexp" 795
"../../../MyProject1/Content/2DSideScrollerBP/Maps/Level.umap" 796
"../../../MyProject1/Content/2DSideScrollerBP/Widgets/MainMenu/Screenshot__68_.uasset" 797
"../../../MyProject1/Content/2DSideScrollerBP/Widgets/MainMenu/Screenshot__68_.uexp" 798
"../../../MyProject1/Content/2DSideScrollerBP/Widgets/MainMenu/MainMenu.uasset" 799
"../../../MyProject1/Content/2DSideScrollerBP/Widgets/MainMenu/MainMenu.uexp" 800
"../../../MyProject1/Content/2DSideScrollerBP/Maps/Title_BuiltData.uasset" 801
"../../../MyProject1/Content/2DSideScrollerBP/Maps/Title_BuiltData.uexp" 802
"../../../MyProject1/Content/2DSideScrollerBP/Maps/Title.uexp" 803
"../../../MyProject1/Content/2DSideScrollerBP/Maps/Title.umap" 804
"../../../Engine/Content/Maps/Entry_BuiltData.uasset" 805
"../../../Engine/Content/Maps/Entry_BuiltData.uexp" 806
"../../../Engine/Content/Maps/Entry.uexp" 807
"../../../Engine/Content/Maps/Entry.umap" 808
